{
  "D:\\PERSONAL\\Documents\\universidad\\sexto\\gestion de pruebas\\U-ride\\mobile\\\u0000shim:react-native-web\\dist\\exports\\AppRegistry\\AppContainer.js": {
    "path": "D:\\PERSONAL\\Documents\\universidad\\sexto\\gestion de pruebas\\U-ride\\mobile\\\u0000shim:react-native-web\\dist\\exports\\AppRegistry\\AppContainer.js",
    "statementMap": {
      "0": {
        "start": {
          "line": 5,
          "column": 2
        },
        "end": {
          "line": 5,
          "column": 18
        }
      },
      "1": {
        "start": {
          "line": 8,
          "column": 0
        },
        "end": {
          "line": 10,
          "column": 1
        }
      },
      "2": {
        "start": {
          "line": 9,
          "column": 2
        },
        "end": {
          "line": 9,
          "column": 44
        }
      }
    },
    "fnMap": {
      "0": {
        "name": "AppContainer",
        "decl": {
          "start": {
            "line": 4,
            "column": 9
          },
          "end": {
            "line": 4,
            "column": 21
          }
        },
        "loc": {
          "start": {
            "line": 4,
            "column": 36
          },
          "end": {
            "line": 6,
            "column": 1
          }
        },
        "line": 4
      }
    },
    "branchMap": {
      "0": {
        "loc": {
          "start": {
            "line": 8,
            "column": 0
          },
          "end": {
            "line": 10,
            "column": 1
          }
        },
        "type": "if",
        "locations": [
          {
            "start": {
              "line": 8,
              "column": 0
            },
            "end": {
              "line": 10,
              "column": 1
            }
          },
          {
            "start": {},
            "end": {}
          }
        ],
        "line": 8
      }
    },
    "s": {
      "0": 32,
      "1": 32,
      "2": 32
    },
    "f": {
      "0": 32
    },
    "b": {
      "0": [
        32,
        0
      ]
    },
    "_coverageSchema": "1a1c01bbd47fc00a2c39e90264f33305004495a9",
    "hash": "f7caf4bec4666e3ea96c3abdd7e89f1321f7ffd8"
  },
  "D:\\PERSONAL\\Documents\\universidad\\sexto\\gestion de pruebas\\U-ride\\mobile\\\u0000shim:react-native-web\\dist\\exports\\BackHandler\\index.js": {
    "path": "D:\\PERSONAL\\Documents\\universidad\\sexto\\gestion de pruebas\\U-ride\\mobile\\\u0000shim:react-native-web\\dist\\exports\\BackHandler\\index.js",
    "statementMap": {
      "0": {
        "start": {
          "line": 2,
          "column": 18
        },
        "end": {
          "line": 6,
          "column": 1
        }
      },
      "1": {
        "start": {
          "line": 4,
          "column": 27
        },
        "end": {
          "line": 4,
          "column": 52
        }
      }
    },
    "fnMap": {
      "0": {
        "name": "emptyFunction",
        "decl": {
          "start": {
            "line": 1,
            "column": 9
          },
          "end": {
            "line": 1,
            "column": 22
          }
        },
        "loc": {
          "start": {
            "line": 1,
            "column": 25
          },
          "end": {
            "line": 1,
            "column": 27
          }
        },
        "line": 1
      },
      "1": {
        "name": "(anonymous_1)",
        "decl": {
          "start": {
            "line": 4,
            "column": 20
          },
          "end": {
            "line": 4,
            "column": 21
          }
        },
        "loc": {
          "start": {
            "line": 4,
            "column": 27
          },
          "end": {
            "line": 4,
            "column": 52
          }
        },
        "line": 4
      }
    },
    "branchMap": {},
    "s": {
      "0": 32,
      "1": 0
    },
    "f": {
      "0": 0,
      "1": 0
    },
    "b": {},
    "_coverageSchema": "1a1c01bbd47fc00a2c39e90264f33305004495a9",
    "hash": "da5778a56d34258b7cf5b5647365ed73febdac1b"
  },
  "D:\\PERSONAL\\Documents\\universidad\\sexto\\gestion de pruebas\\U-ride\\mobile\\src\\store\\userStore.ts": {
    "path": "D:\\PERSONAL\\Documents\\universidad\\sexto\\gestion de pruebas\\U-ride\\mobile\\src\\store\\userStore.ts",
    "statementMap": {
      "0": {
        "start": {
          "line": 20,
          "column": 28
        },
        "end": {
          "line": 51,
          "column": 3
        }
      },
      "1": {
        "start": {
          "line": 20,
          "column": 56
        },
        "end": {
          "line": 51,
          "column": 1
        }
      },
      "2": {
        "start": {
          "line": 26,
          "column": 4
        },
        "end": {
          "line": 26,
          "column": 54
        }
      },
      "3": {
        "start": {
          "line": 27,
          "column": 4
        },
        "end": {
          "line": 27,
          "column": 68
        }
      },
      "4": {
        "start": {
          "line": 28,
          "column": 4
        },
        "end": {
          "line": 28,
          "column": 25
        }
      },
      "5": {
        "start": {
          "line": 32,
          "column": 4
        },
        "end": {
          "line": 32,
          "column": 50
        }
      },
      "6": {
        "start": {
          "line": 33,
          "column": 4
        },
        "end": {
          "line": 33,
          "column": 49
        }
      },
      "7": {
        "start": {
          "line": 34,
          "column": 4
        },
        "end": {
          "line": 34,
          "column": 37
        }
      },
      "8": {
        "start": {
          "line": 38,
          "column": 4
        },
        "end": {
          "line": 49,
          "column": 5
        }
      },
      "9": {
        "start": {
          "line": 39,
          "column": 20
        },
        "end": {
          "line": 39,
          "column": 62
        }
      },
      "10": {
        "start": {
          "line": 40,
          "column": 22
        },
        "end": {
          "line": 40,
          "column": 63
        }
      },
      "11": {
        "start": {
          "line": 42,
          "column": 6
        },
        "end": {
          "line": 46,
          "column": 7
        }
      },
      "12": {
        "start": {
          "line": 43,
          "column": 8
        },
        "end": {
          "line": 43,
          "column": 68
        }
      },
      "13": {
        "start": {
          "line": 45,
          "column": 8
        },
        "end": {
          "line": 45,
          "column": 34
        }
      },
      "14": {
        "start": {
          "line": 48,
          "column": 6
        },
        "end": {
          "line": 48,
          "column": 32
        }
      }
    },
    "fnMap": {
      "0": {
        "name": "(anonymous_0)",
        "decl": {
          "start": {
            "line": 20,
            "column": 46
          },
          "end": {
            "line": 20,
            "column": 47
          }
        },
        "loc": {
          "start": {
            "line": 20,
            "column": 56
          },
          "end": {
            "line": 51,
            "column": 1
          }
        },
        "line": 20
      },
      "1": {
        "name": "(anonymous_1)",
        "decl": {
          "start": {
            "line": 25,
            "column": 9
          },
          "end": {
            "line": 25,
            "column": 10
          }
        },
        "loc": {
          "start": {
            "line": 25,
            "column": 32
          },
          "end": {
            "line": 29,
            "column": 3
          }
        },
        "line": 25
      },
      "2": {
        "name": "(anonymous_2)",
        "decl": {
          "start": {
            "line": 31,
            "column": 10
          },
          "end": {
            "line": 31,
            "column": 11
          }
        },
        "loc": {
          "start": {
            "line": 31,
            "column": 22
          },
          "end": {
            "line": 35,
            "column": 3
          }
        },
        "line": 31
      },
      "3": {
        "name": "(anonymous_3)",
        "decl": {
          "start": {
            "line": 37,
            "column": 13
          },
          "end": {
            "line": 37,
            "column": 14
          }
        },
        "loc": {
          "start": {
            "line": 37,
            "column": 25
          },
          "end": {
            "line": 50,
            "column": 3
          }
        },
        "line": 37
      }
    },
    "branchMap": {
      "0": {
        "loc": {
          "start": {
            "line": 42,
            "column": 6
          },
          "end": {
            "line": 46,
            "column": 7
          }
        },
        "type": "if",
        "locations": [
          {
            "start": {
              "line": 42,
              "column": 6
            },
            "end": {
              "line": 46,
              "column": 7
            }
          },
          {
            "start": {
              "line": 44,
              "column": 13
            },
            "end": {
              "line": 46,
              "column": 7
            }
          }
        ],
        "line": 42
      },
      "1": {
        "loc": {
          "start": {
            "line": 42,
            "column": 10
          },
          "end": {
            "line": 42,
            "column": 26
          }
        },
        "type": "binary-expr",
        "locations": [
          {
            "start": {
              "line": 42,
              "column": 10
            },
            "end": {
              "line": 42,
              "column": 15
            }
          },
          {
            "start": {
              "line": 42,
              "column": 19
            },
            "end": {
              "line": 42,
              "column": 26
            }
          }
        ],
        "line": 42
      }
    },
    "s": {
      "0": 32,
      "1": 32,
      "2": 17,
      "3": 17,
      "4": 17,
      "5": 1,
      "6": 1,
      "7": 1,
      "8": 32,
      "9": 32,
      "10": 32,
      "11": 32,
      "12": 1,
      "13": 31,
      "14": 0
    },
    "f": {
      "0": 32,
      "1": 17,
      "2": 1,
      "3": 32
    },
    "b": {
      "0": [
        1,
        31
      ],
      "1": [
        32,
        1
      ]
    },
    "_coverageSchema": "1a1c01bbd47fc00a2c39e90264f33305004495a9",
    "hash": "6eccdc7af05aa4c4afa85e27f2ec84be4bf963f0"
  },
  "D:\\PERSONAL\\Documents\\universidad\\sexto\\gestion de pruebas\\U-ride\\mobile\\src\\theme\\design.ts": {
    "path": "D:\\PERSONAL\\Documents\\universidad\\sexto\\gestion de pruebas\\U-ride\\mobile\\src\\theme\\design.ts",
    "statementMap": {
      "0": {
        "start": {
          "line": 5,
          "column": 21
        },
        "end": {
          "line": 12,
          "column": 1
        }
      },
      "1": {
        "start": {
          "line": 14,
          "column": 22
        },
        "end": {
          "line": 27,
          "column": 1
        }
      },
      "2": {
        "start": {
          "line": 29,
          "column": 22
        },
        "end": {
          "line": 35,
          "column": 1
        }
      },
      "3": {
        "start": {
          "line": 37,
          "column": 22
        },
        "end": {
          "line": 41,
          "column": 1
        }
      }
    },
    "fnMap": {},
    "branchMap": {},
    "s": {
      "0": 32,
      "1": 32,
      "2": 32,
      "3": 32
    },
    "f": {},
    "b": {},
    "_coverageSchema": "1a1c01bbd47fc00a2c39e90264f33305004495a9",
    "hash": "ca16bf16e06a60d8a3c62a918afdcfe6a88a5608"
  },
  "D:\\PERSONAL\\Documents\\universidad\\sexto\\gestion de pruebas\\U-ride\\mobile\\src\\services\\api.ts": {
    "path": "D:\\PERSONAL\\Documents\\universidad\\sexto\\gestion de pruebas\\U-ride\\mobile\\src\\services\\api.ts",
    "statementMap": {
      "0": {
        "start": {
          "line": 9,
          "column": 12
        },
        "end": {
          "line": 12,
          "column": 2
        }
      },
      "1": {
        "start": {
          "line": 15,
          "column": 0
        },
        "end": {
          "line": 24,
          "column": 2
        }
      },
      "2": {
        "start": {
          "line": 17,
          "column": 18
        },
        "end": {
          "line": 17,
          "column": 60
        }
      },
      "3": {
        "start": {
          "line": 18,
          "column": 4
        },
        "end": {
          "line": 20,
          "column": 5
        }
      },
      "4": {
        "start": {
          "line": 19,
          "column": 6
        },
        "end": {
          "line": 19,
          "column": 55
        }
      },
      "5": {
        "start": {
          "line": 21,
          "column": 4
        },
        "end": {
          "line": 21,
          "column": 18
        }
      },
      "6": {
        "start": {
          "line": 23,
          "column": 13
        },
        "end": {
          "line": 23,
          "column": 34
        }
      }
    },
    "fnMap": {
      "0": {
        "name": "(anonymous_0)",
        "decl": {
          "start": {
            "line": 16,
            "column": 2
          },
          "end": {
            "line": 16,
            "column": 3
          }
        },
        "loc": {
          "start": {
            "line": 16,
            "column": 20
          },
          "end": {
            "line": 22,
            "column": 3
          }
        },
        "line": 16
      },
      "1": {
        "name": "(anonymous_1)",
        "decl": {
          "start": {
            "line": 23,
            "column": 2
          },
          "end": {
            "line": 23,
            "column": 3
          }
        },
        "loc": {
          "start": {
            "line": 23,
            "column": 13
          },
          "end": {
            "line": 23,
            "column": 34
          }
        },
        "line": 23
      }
    },
    "branchMap": {
      "0": {
        "loc": {
          "start": {
            "line": 10,
            "column": 11
          },
          "end": {
            "line": 10,
            "column": 91
          }
        },
        "type": "cond-expr",
        "locations": [
          {
            "start": {
              "line": 10,
              "column": 35
            },
            "end": {
              "line": 10,
              "column": 62
            }
          },
          {
            "start": {
              "line": 10,
              "column": 65
            },
            "end": {
              "line": 10,
              "column": 91
            }
          }
        ],
        "line": 10
      },
      "1": {
        "loc": {
          "start": {
            "line": 18,
            "column": 4
          },
          "end": {
            "line": 20,
            "column": 5
          }
        },
        "type": "if",
        "locations": [
          {
            "start": {
              "line": 18,
              "column": 4
            },
            "end": {
              "line": 20,
              "column": 5
            }
          },
          {
            "start": {},
            "end": {}
          }
        ],
        "line": 18
      }
    },
    "s": {
      "0": 32,
      "1": 32,
      "2": 85,
      "3": 85,
      "4": 54,
      "5": 85,
      "6": 0
    },
    "f": {
      "0": 85,
      "1": 0
    },
    "b": {
      "0": [
        32,
        0
      ],
      "1": [
        54,
        31
      ]
    },
    "_coverageSchema": "1a1c01bbd47fc00a2c39e90264f33305004495a9",
    "hash": "c70b538466f7b1881de2b405212d0b21cfe1ac31"
  },
  "D:\\PERSONAL\\Documents\\universidad\\sexto\\gestion de pruebas\\U-ride\\mobile\\src\\screens\\LoginScreen.tsx": {
    "path": "D:\\PERSONAL\\Documents\\universidad\\sexto\\gestion de pruebas\\U-ride\\mobile\\src\\screens\\LoginScreen.tsx",
    "statementMap": {
      "0": {
        "start": {
          "line": 9,
          "column": 28
        },
        "end": {
          "line": 9,
          "column": 40
        }
      },
      "1": {
        "start": {
          "line": 10,
          "column": 34
        },
        "end": {
          "line": 10,
          "column": 46
        }
      },
      "2": {
        "start": {
          "line": 11,
          "column": 34
        },
        "end": {
          "line": 11,
          "column": 49
        }
      },
      "3": {
        "start": {
          "line": 12,
          "column": 32
        },
        "end": {
          "line": 12,
          "column": 47
        }
      },
      "4": {
        "start": {
          "line": 13,
          "column": 22
        },
        "end": {
          "line": 13,
          "column": 56
        }
      },
      "5": {
        "start": {
          "line": 13,
          "column": 44
        },
        "end": {
          "line": 13,
          "column": 55
        }
      },
      "6": {
        "start": {
          "line": 15,
          "column": 22
        },
        "end": {
          "line": 29,
          "column": 3
        }
      },
      "7": {
        "start": {
          "line": 16,
          "column": 4
        },
        "end": {
          "line": 19,
          "column": 5
        }
      },
      "8": {
        "start": {
          "line": 17,
          "column": 6
        },
        "end": {
          "line": 17,
          "column": 93
        }
      },
      "9": {
        "start": {
          "line": 18,
          "column": 6
        },
        "end": {
          "line": 18,
          "column": 13
        }
      },
      "10": {
        "start": {
          "line": 20,
          "column": 4
        },
        "end": {
          "line": 20,
          "column": 21
        }
      },
      "11": {
        "start": {
          "line": 21,
          "column": 4
        },
        "end": {
          "line": 28,
          "column": 5
        }
      },
      "12": {
        "start": {
          "line": 22,
          "column": 19
        },
        "end": {
          "line": 22,
          "column": 83
        }
      },
      "13": {
        "start": {
          "line": 23,
          "column": 6
        },
        "end": {
          "line": 23,
          "column": 60
        }
      },
      "14": {
        "start": {
          "line": 25,
          "column": 6
        },
        "end": {
          "line": 25,
          "column": 104
        }
      },
      "15": {
        "start": {
          "line": 27,
          "column": 6
        },
        "end": {
          "line": 27,
          "column": 24
        }
      },
      "16": {
        "start": {
          "line": 31,
          "column": 2
        },
        "end": {
          "line": 100,
          "column": 4
        }
      },
      "17": {
        "start": {
          "line": 76,
          "column": 45
        },
        "end": {
          "line": 76,
          "column": 67
        }
      },
      "18": {
        "start": {
          "line": 90,
          "column": 92
        },
        "end": {
          "line": 90,
          "column": 129
        }
      },
      "19": {
        "start": {
          "line": 94,
          "column": 106
        },
        "end": {
          "line": 94,
          "column": 137
        }
      },
      "20": {
        "start": {
          "line": 103,
          "column": 15
        },
        "end": {
          "line": 122,
          "column": 2
        }
      }
    },
    "fnMap": {
      "0": {
        "name": "LoginScreen",
        "decl": {
          "start": {
            "line": 8,
            "column": 24
          },
          "end": {
            "line": 8,
            "column": 35
          }
        },
        "loc": {
          "start": {
            "line": 8,
            "column": 57
          },
          "end": {
            "line": 101,
            "column": 1
          }
        },
        "line": 8
      },
      "1": {
        "name": "(anonymous_1)",
        "decl": {
          "start": {
            "line": 13,
            "column": 35
          },
          "end": {
            "line": 13,
            "column": 36
          }
        },
        "loc": {
          "start": {
            "line": 13,
            "column": 44
          },
          "end": {
            "line": 13,
            "column": 55
          }
        },
        "line": 13
      },
      "2": {
        "name": "(anonymous_2)",
        "decl": {
          "start": {
            "line": 15,
            "column": 22
          },
          "end": {
            "line": 15,
            "column": 23
          }
        },
        "loc": {
          "start": {
            "line": 15,
            "column": 34
          },
          "end": {
            "line": 29,
            "column": 3
          }
        },
        "line": 15
      },
      "3": {
        "name": "(anonymous_3)",
        "decl": {
          "start": {
            "line": 76,
            "column": 39
          },
          "end": {
            "line": 76,
            "column": 40
          }
        },
        "loc": {
          "start": {
            "line": 76,
            "column": 45
          },
          "end": {
            "line": 76,
            "column": 67
          }
        },
        "line": 76
      },
      "4": {
        "name": "(anonymous_4)",
        "decl": {
          "start": {
            "line": 90,
            "column": 86
          },
          "end": {
            "line": 90,
            "column": 87
          }
        },
        "loc": {
          "start": {
            "line": 90,
            "column": 92
          },
          "end": {
            "line": 90,
            "column": 129
          }
        },
        "line": 90
      },
      "5": {
        "name": "(anonymous_5)",
        "decl": {
          "start": {
            "line": 94,
            "column": 100
          },
          "end": {
            "line": 94,
            "column": 101
          }
        },
        "loc": {
          "start": {
            "line": 94,
            "column": 106
          },
          "end": {
            "line": 94,
            "column": 137
          }
        },
        "line": 94
      }
    },
    "branchMap": {
      "0": {
        "loc": {
          "start": {
            "line": 16,
            "column": 4
          },
          "end": {
            "line": 19,
            "column": 5
          }
        },
        "type": "if",
        "locations": [
          {
            "start": {
              "line": 16,
              "column": 4
            },
            "end": {
              "line": 19,
              "column": 5
            }
          },
          {
            "start": {},
            "end": {}
          }
        ],
        "line": 16
      },
      "1": {
        "loc": {
          "start": {
            "line": 16,
            "column": 8
          },
          "end": {
            "line": 16,
            "column": 91
          }
        },
        "type": "binary-expr",
        "locations": [
          {
            "start": {
              "line": 16,
              "column": 8
            },
            "end": {
              "line": 16,
              "column": 45
            }
          },
          {
            "start": {
              "line": 16,
              "column": 49
            },
            "end": {
              "line": 16,
              "column": 91
            }
          }
        ],
        "line": 16
      },
      "2": {
        "loc": {
          "start": {
            "line": 25,
            "column": 37
          },
          "end": {
            "line": 25,
            "column": 102
          }
        },
        "type": "binary-expr",
        "locations": [
          {
            "start": {
              "line": 25,
              "column": 37
            },
            "end": {
              "line": 25,
              "column": 64
            }
          },
          {
            "start": {
              "line": 25,
              "column": 68
            },
            "end": {
              "line": 25,
              "column": 102
            }
          }
        ],
        "line": 25
      },
      "3": {
        "loc": {
          "start": {
            "line": 32,
            "column": 36
          },
          "end": {
            "line": 32,
            "column": 80
          }
        },
        "type": "cond-expr",
        "locations": [
          {
            "start": {
              "line": 32,
              "column": 60
            },
            "end": {
              "line": 32,
              "column": 69
            }
          },
          {
            "start": {
              "line": 32,
              "column": 72
            },
            "end": {
              "line": 32,
              "column": 80
            }
          }
        ],
        "line": 32
      },
      "4": {
        "loc": {
          "start": {
            "line": 77,
            "column": 30
          },
          "end": {
            "line": 77,
            "column": 74
          }
        },
        "type": "cond-expr",
        "locations": [
          {
            "start": {
              "line": 77,
              "column": 41
            },
            "end": {
              "line": 77,
              "column": 58
            }
          },
          {
            "start": {
              "line": 77,
              "column": 61
            },
            "end": {
              "line": 77,
              "column": 74
            }
          }
        ],
        "line": 77
      },
      "5": {
        "loc": {
          "start": {
            "line": 82,
            "column": 13
          },
          "end": {
            "line": 87,
            "column": 13
          }
        },
        "type": "cond-expr",
        "locations": [
          {
            "start": {
              "line": 82,
              "column": 23
            },
            "end": {
              "line": 82,
              "column": 57
            }
          },
          {
            "start": {
              "line": 83,
              "column": 14
            },
            "end": {
              "line": 86,
              "column": 21
            }
          }
        ],
        "line": 82
      }
    },
    "s": {
      "0": 686,
      "1": 686,
      "2": 686,
      "3": 686,
      "4": 686,
      "5": 2075,
      "6": 686,
      "7": 17,
      "8": 0,
      "9": 0,
      "10": 17,
      "11": 17,
      "12": 17,
      "13": 17,
      "14": 0,
      "15": 17,
      "16": 686,
      "17": 0,
      "18": 3,
      "19": 4,
      "20": 32
    },
    "f": {
      "0": 686,
      "1": 2075,
      "2": 17,
      "3": 0,
      "4": 3,
      "5": 4
    },
    "b": {
      "0": [
        0,
        17
      ],
      "1": [
        17,
        17
      ],
      "2": [
        0,
        0
      ],
      "3": [
        0,
        686
      ],
      "4": [
        0,
        686
      ],
      "5": [
        17,
        669
      ]
    },
    "_coverageSchema": "1a1c01bbd47fc00a2c39e90264f33305004495a9",
    "hash": "68f71ab6042965a503a1aea3dd67bfe69c087ba0"
  },
  "D:\\PERSONAL\\Documents\\universidad\\sexto\\gestion de pruebas\\U-ride\\mobile\\src\\screens\\RegisterScreen.tsx": {
    "path": "D:\\PERSONAL\\Documents\\universidad\\sexto\\gestion de pruebas\\U-ride\\mobile\\src\\screens\\RegisterScreen.tsx",
    "statementMap": {
      "0": {
        "start": {
          "line": 7,
          "column": 14
        },
        "end": {
          "line": 32,
          "column": 1
        }
      },
      "1": {
        "start": {
          "line": 8,
          "column": 34
        },
        "end": {
          "line": 8,
          "column": 49
        }
      },
      "2": {
        "start": {
          "line": 10,
          "column": 2
        },
        "end": {
          "line": 31,
          "column": 4
        }
      },
      "3": {
        "start": {
          "line": 26,
          "column": 41
        },
        "end": {
          "line": 26,
          "column": 63
        }
      },
      "4": {
        "start": {
          "line": 35,
          "column": 30
        },
        "end": {
          "line": 35,
          "column": 42
        }
      },
      "5": {
        "start": {
          "line": 36,
          "column": 30
        },
        "end": {
          "line": 36,
          "column": 42
        }
      },
      "6": {
        "start": {
          "line": 37,
          "column": 34
        },
        "end": {
          "line": 37,
          "column": 46
        }
      },
      "7": {
        "start": {
          "line": 38,
          "column": 36
        },
        "end": {
          "line": 38,
          "column": 48
        }
      },
      "8": {
        "start": {
          "line": 39,
          "column": 36
        },
        "end": {
          "line": 39,
          "column": 51
        }
      },
      "9": {
        "start": {
          "line": 40,
          "column": 36
        },
        "end": {
          "line": 40,
          "column": 47
        }
      },
      "10": {
        "start": {
          "line": 41,
          "column": 36
        },
        "end": {
          "line": 41,
          "column": 48
        }
      },
      "11": {
        "start": {
          "line": 43,
          "column": 25
        },
        "end": {
          "line": 63,
          "column": 3
        }
      },
      "12": {
        "start": {
          "line": 44,
          "column": 4
        },
        "end": {
          "line": 45,
          "column": 72
        }
      },
      "13": {
        "start": {
          "line": 45,
          "column": 6
        },
        "end": {
          "line": 45,
          "column": 72
        }
      },
      "14": {
        "start": {
          "line": 46,
          "column": 4
        },
        "end": {
          "line": 47,
          "column": 93
        }
      },
      "15": {
        "start": {
          "line": 47,
          "column": 6
        },
        "end": {
          "line": 47,
          "column": 93
        }
      },
      "16": {
        "start": {
          "line": 48,
          "column": 4
        },
        "end": {
          "line": 49,
          "column": 83
        }
      },
      "17": {
        "start": {
          "line": 49,
          "column": 6
        },
        "end": {
          "line": 49,
          "column": 83
        }
      },
      "18": {
        "start": {
          "line": 50,
          "column": 4
        },
        "end": {
          "line": 51,
          "column": 69
        }
      },
      "19": {
        "start": {
          "line": 51,
          "column": 6
        },
        "end": {
          "line": 51,
          "column": 69
        }
      },
      "20": {
        "start": {
          "line": 53,
          "column": 4
        },
        "end": {
          "line": 53,
          "column": 21
        }
      },
      "21": {
        "start": {
          "line": 54,
          "column": 4
        },
        "end": {
          "line": 62,
          "column": 5
        }
      },
      "22": {
        "start": {
          "line": 55,
          "column": 6
        },
        "end": {
          "line": 55,
          "column": 97
        }
      },
      "23": {
        "start": {
          "line": 56,
          "column": 6
        },
        "end": {
          "line": 56,
          "column": 17
        }
      },
      "24": {
        "start": {
          "line": 57,
          "column": 6
        },
        "end": {
          "line": 57,
          "column": 110
        }
      },
      "25": {
        "start": {
          "line": 59,
          "column": 6
        },
        "end": {
          "line": 59,
          "column": 81
        }
      },
      "26": {
        "start": {
          "line": 61,
          "column": 6
        },
        "end": {
          "line": 61,
          "column": 24
        }
      },
      "27": {
        "start": {
          "line": 65,
          "column": 23
        },
        "end": {
          "line": 79,
          "column": 3
        }
      },
      "28": {
        "start": {
          "line": 66,
          "column": 4
        },
        "end": {
          "line": 67,
          "column": 79
        }
      },
      "29": {
        "start": {
          "line": 67,
          "column": 6
        },
        "end": {
          "line": 67,
          "column": 79
        }
      },
      "30": {
        "start": {
          "line": 69,
          "column": 4
        },
        "end": {
          "line": 69,
          "column": 21
        }
      },
      "31": {
        "start": {
          "line": 70,
          "column": 4
        },
        "end": {
          "line": 78,
          "column": 5
        }
      },
      "32": {
        "start": {
          "line": 71,
          "column": 6
        },
        "end": {
          "line": 71,
          "column": 90
        }
      },
      "33": {
        "start": {
          "line": 72,
          "column": 6
        },
        "end": {
          "line": 73,
          "column": 80
        }
      },
      "34": {
        "start": {
          "line": 73,
          "column": 47
        },
        "end": {
          "line": 73,
          "column": 75
        }
      },
      "35": {
        "start": {
          "line": 75,
          "column": 6
        },
        "end": {
          "line": 75,
          "column": 89
        }
      },
      "36": {
        "start": {
          "line": 77,
          "column": 6
        },
        "end": {
          "line": 77,
          "column": 24
        }
      },
      "37": {
        "start": {
          "line": 81,
          "column": 2
        },
        "end": {
          "line": 167,
          "column": 4
        }
      },
      "38": {
        "start": {
          "line": 139,
          "column": 67
        },
        "end": {
          "line": 139,
          "column": 95
        }
      },
      "39": {
        "start": {
          "line": 159,
          "column": 122
        },
        "end": {
          "line": 159,
          "column": 132
        }
      },
      "40": {
        "start": {
          "line": 170,
          "column": 15
        },
        "end": {
          "line": 189,
          "column": 2
        }
      }
    },
    "fnMap": {
      "0": {
        "name": "(anonymous_0)",
        "decl": {
          "start": {
            "line": 7,
            "column": 14
          },
          "end": {
            "line": 7,
            "column": 15
          }
        },
        "loc": {
          "start": {
            "line": 7,
            "column": 89
          },
          "end": {
            "line": 32,
            "column": 1
          }
        },
        "line": 7
      },
      "1": {
        "name": "(anonymous_1)",
        "decl": {
          "start": {
            "line": 26,
            "column": 35
          },
          "end": {
            "line": 26,
            "column": 36
          }
        },
        "loc": {
          "start": {
            "line": 26,
            "column": 41
          },
          "end": {
            "line": 26,
            "column": 63
          }
        },
        "line": 26
      },
      "2": {
        "name": "RegisterScreen",
        "decl": {
          "start": {
            "line": 34,
            "column": 24
          },
          "end": {
            "line": 34,
            "column": 38
          }
        },
        "loc": {
          "start": {
            "line": 34,
            "column": 60
          },
          "end": {
            "line": 168,
            "column": 1
          }
        },
        "line": 34
      },
      "3": {
        "name": "(anonymous_3)",
        "decl": {
          "start": {
            "line": 43,
            "column": 25
          },
          "end": {
            "line": 43,
            "column": 26
          }
        },
        "loc": {
          "start": {
            "line": 43,
            "column": 37
          },
          "end": {
            "line": 63,
            "column": 3
          }
        },
        "line": 43
      },
      "4": {
        "name": "(anonymous_4)",
        "decl": {
          "start": {
            "line": 65,
            "column": 23
          },
          "end": {
            "line": 65,
            "column": 24
          }
        },
        "loc": {
          "start": {
            "line": 65,
            "column": 35
          },
          "end": {
            "line": 79,
            "column": 3
          }
        },
        "line": 65
      },
      "5": {
        "name": "(anonymous_5)",
        "decl": {
          "start": {
            "line": 73,
            "column": 41
          },
          "end": {
            "line": 73,
            "column": 42
          }
        },
        "loc": {
          "start": {
            "line": 73,
            "column": 47
          },
          "end": {
            "line": 73,
            "column": 75
          }
        },
        "line": 73
      },
      "6": {
        "name": "(anonymous_6)",
        "decl": {
          "start": {
            "line": 139,
            "column": 61
          },
          "end": {
            "line": 139,
            "column": 62
          }
        },
        "loc": {
          "start": {
            "line": 139,
            "column": 67
          },
          "end": {
            "line": 139,
            "column": 95
          }
        },
        "line": 139
      },
      "7": {
        "name": "(anonymous_7)",
        "decl": {
          "start": {
            "line": 159,
            "column": 116
          },
          "end": {
            "line": 159,
            "column": 117
          }
        },
        "loc": {
          "start": {
            "line": 159,
            "column": 122
          },
          "end": {
            "line": 159,
            "column": 132
          }
        },
        "line": 159
      }
    },
    "branchMap": {
      "0": {
        "loc": {
          "start": {
            "line": 20,
            "column": 25
          },
          "end": {
            "line": 20,
            "column": 44
          }
        },
        "type": "binary-expr",
        "locations": [
          {
            "start": {
              "line": 20,
              "column": 25
            },
            "end": {
              "line": 20,
              "column": 31
            }
          },
          {
            "start": {
              "line": 20,
              "column": 35
            },
            "end": {
              "line": 20,
              "column": 44
            }
          }
        ],
        "line": 20
      },
      "1": {
        "loc": {
          "start": {
            "line": 21,
            "column": 22
          },
          "end": {
            "line": 21,
            "column": 43
          }
        },
        "type": "binary-expr",
        "locations": [
          {
            "start": {
              "line": 21,
              "column": 22
            },
            "end": {
              "line": 21,
              "column": 30
            }
          },
          {
            "start": {
              "line": 21,
              "column": 34
            },
            "end": {
              "line": 21,
              "column": 43
            }
          }
        ],
        "line": 21
      },
      "2": {
        "loc": {
          "start": {
            "line": 25,
            "column": 7
          },
          "end": {
            "line": 29,
            "column": 7
          }
        },
        "type": "binary-expr",
        "locations": [
          {
            "start": {
              "line": 25,
              "column": 7
            },
            "end": {
              "line": 25,
              "column": 13
            }
          },
          {
            "start": {
              "line": 26,
              "column": 8
            },
            "end": {
              "line": 28,
              "column": 27
            }
          }
        ],
        "line": 25
      },
      "3": {
        "loc": {
          "start": {
            "line": 27,
            "column": 26
          },
          "end": {
            "line": 27,
            "column": 70
          }
        },
        "type": "cond-expr",
        "locations": [
          {
            "start": {
              "line": 27,
              "column": 37
            },
            "end": {
              "line": 27,
              "column": 54
            }
          },
          {
            "start": {
              "line": 27,
              "column": 57
            },
            "end": {
              "line": 27,
              "column": 70
            }
          }
        ],
        "line": 27
      },
      "4": {
        "loc": {
          "start": {
            "line": 44,
            "column": 4
          },
          "end": {
            "line": 45,
            "column": 72
          }
        },
        "type": "if",
        "locations": [
          {
            "start": {
              "line": 44,
              "column": 4
            },
            "end": {
              "line": 45,
              "column": 72
            }
          },
          {
            "start": {},
            "end": {}
          }
        ],
        "line": 44
      },
      "5": {
        "loc": {
          "start": {
            "line": 44,
            "column": 8
          },
          "end": {
            "line": 44,
            "column": 66
          }
        },
        "type": "binary-expr",
        "locations": [
          {
            "start": {
              "line": 44,
              "column": 8
            },
            "end": {
              "line": 44,
              "column": 22
            }
          },
          {
            "start": {
              "line": 44,
              "column": 26
            },
            "end": {
              "line": 44,
              "column": 39
            }
          },
          {
            "start": {
              "line": 44,
              "column": 43
            },
            "end": {
              "line": 44,
              "column": 52
            }
          },
          {
            "start": {
              "line": 44,
              "column": 56
            },
            "end": {
              "line": 44,
              "column": 66
            }
          }
        ],
        "line": 44
      },
      "6": {
        "loc": {
          "start": {
            "line": 46,
            "column": 4
          },
          "end": {
            "line": 47,
            "column": 93
          }
        },
        "type": "if",
        "locations": [
          {
            "start": {
              "line": 46,
              "column": 4
            },
            "end": {
              "line": 47,
              "column": 93
            }
          },
          {
            "start": {},
            "end": {}
          }
        ],
        "line": 46
      },
      "7": {
        "loc": {
          "start": {
            "line": 46,
            "column": 8
          },
          "end": {
            "line": 46,
            "column": 91
          }
        },
        "type": "binary-expr",
        "locations": [
          {
            "start": {
              "line": 46,
              "column": 8
            },
            "end": {
              "line": 46,
              "column": 45
            }
          },
          {
            "start": {
              "line": 46,
              "column": 49
            },
            "end": {
              "line": 46,
              "column": 91
            }
          }
        ],
        "line": 46
      },
      "8": {
        "loc": {
          "start": {
            "line": 48,
            "column": 4
          },
          "end": {
            "line": 49,
            "column": 83
          }
        },
        "type": "if",
        "locations": [
          {
            "start": {
              "line": 48,
              "column": 4
            },
            "end": {
              "line": 49,
              "column": 83
            }
          },
          {
            "start": {},
            "end": {}
          }
        ],
        "line": 48
      },
      "9": {
        "loc": {
          "start": {
            "line": 50,
            "column": 4
          },
          "end": {
            "line": 51,
            "column": 69
          }
        },
        "type": "if",
        "locations": [
          {
            "start": {
              "line": 50,
              "column": 4
            },
            "end": {
              "line": 51,
              "column": 69
            }
          },
          {
            "start": {},
            "end": {}
          }
        ],
        "line": 50
      },
      "10": {
        "loc": {
          "start": {
            "line": 59,
            "column": 27
          },
          "end": {
            "line": 59,
            "column": 79
          }
        },
        "type": "binary-expr",
        "locations": [
          {
            "start": {
              "line": 59,
              "column": 27
            },
            "end": {
              "line": 59,
              "column": 52
            }
          },
          {
            "start": {
              "line": 59,
              "column": 56
            },
            "end": {
              "line": 59,
              "column": 79
            }
          }
        ],
        "line": 59
      },
      "11": {
        "loc": {
          "start": {
            "line": 66,
            "column": 4
          },
          "end": {
            "line": 67,
            "column": 79
          }
        },
        "type": "if",
        "locations": [
          {
            "start": {
              "line": 66,
              "column": 4
            },
            "end": {
              "line": 67,
              "column": 79
            }
          },
          {
            "start": {},
            "end": {}
          }
        ],
        "line": 66
      },
      "12": {
        "loc": {
          "start": {
            "line": 66,
            "column": 8
          },
          "end": {
            "line": 66,
            "column": 41
          }
        },
        "type": "binary-expr",
        "locations": [
          {
            "start": {
              "line": 66,
              "column": 8
            },
            "end": {
              "line": 66,
              "column": 20
            }
          },
          {
            "start": {
              "line": 66,
              "column": 24
            },
            "end": {
              "line": 66,
              "column": 41
            }
          }
        ],
        "line": 66
      },
      "13": {
        "loc": {
          "start": {
            "line": 75,
            "column": 27
          },
          "end": {
            "line": 75,
            "column": 87
          }
        },
        "type": "binary-expr",
        "locations": [
          {
            "start": {
              "line": 75,
              "column": 27
            },
            "end": {
              "line": 75,
              "column": 52
            }
          },
          {
            "start": {
              "line": 75,
              "column": 56
            },
            "end": {
              "line": 75,
              "column": 87
            }
          }
        ],
        "line": 75
      },
      "14": {
        "loc": {
          "start": {
            "line": 82,
            "column": 36
          },
          "end": {
            "line": 82,
            "column": 80
          }
        },
        "type": "cond-expr",
        "locations": [
          {
            "start": {
              "line": 82,
              "column": 60
            },
            "end": {
              "line": 82,
              "column": 69
            }
          },
          {
            "start": {
              "line": 82,
              "column": 72
            },
            "end": {
              "line": 82,
              "column": 80
            }
          }
        ],
        "line": 82
      },
      "15": {
        "loc": {
          "start": {
            "line": 93,
            "column": 11
          },
          "end": {
            "line": 163,
            "column": 11
          }
        },
        "type": "cond-expr",
        "locations": [
          {
            "start": {
              "line": 94,
              "column": 12
            },
            "end": {
              "line": 142,
              "column": 15
            }
          },
          {
            "start": {
              "line": 144,
              "column": 12
            },
            "end": {
              "line": 162,
              "column": 15
            }
          }
        ],
        "line": 93
      },
      "16": {
        "loc": {
          "start": {
            "line": 131,
            "column": 17
          },
          "end": {
            "line": 136,
            "column": 17
          }
        },
        "type": "cond-expr",
        "locations": [
          {
            "start": {
              "line": 131,
              "column": 27
            },
            "end": {
              "line": 131,
              "column": 61
            }
          },
          {
            "start": {
              "line": 132,
              "column": 18
            },
            "end": {
              "line": 135,
              "column": 25
            }
          }
        ],
        "line": 131
      },
      "17": {
        "loc": {
          "start": {
            "line": 151,
            "column": 17
          },
          "end": {
            "line": 156,
            "column": 17
          }
        },
        "type": "cond-expr",
        "locations": [
          {
            "start": {
              "line": 151,
              "column": 27
            },
            "end": {
              "line": 151,
              "column": 61
            }
          },
          {
            "start": {
              "line": 152,
              "column": 18
            },
            "end": {
              "line": 155,
              "column": 25
            }
          }
        ],
        "line": 151
      }
    },
    "s": {
      "0": 32,
      "1": 1556,
      "2": 1556,
      "3": 0,
      "4": 416,
      "5": 416,
      "6": 416,
      "7": 416,
      "8": 416,
      "9": 416,
      "10": 416,
      "11": 416,
      "12": 4,
      "13": 0,
      "14": 4,
      "15": 0,
      "16": 4,
      "17": 0,
      "18": 4,
      "19": 0,
      "20": 4,
      "21": 4,
      "22": 4,
      "23": 4,
      "24": 4,
      "25": 0,
      "26": 4,
      "27": 416,
      "28": 4,
      "29": 0,
      "30": 4,
      "31": 4,
      "32": 4,
      "33": 4,
      "34": 0,
      "35": 0,
      "36": 4,
      "37": 416,
      "38": 0,
      "39": 0,
      "40": 32
    },
    "f": {
      "0": 1556,
      "1": 0,
      "2": 416,
      "3": 4,
      "4": 4,
      "5": 0,
      "6": 0,
      "7": 0
    },
    "b": {
      "0": [
        1556,
        760
      ],
      "1": [
        1556,
        1140
      ],
      "2": [
        1556,
        760
      ],
      "3": [
        0,
        760
      ],
      "4": [
        0,
        4
      ],
      "5": [
        4,
        4,
        4,
        4
      ],
      "6": [
        0,
        4
      ],
      "7": [
        4,
        4
      ],
      "8": [
        0,
        4
      ],
      "9": [
        0,
        4
      ],
      "10": [
        0,
        0
      ],
      "11": [
        0,
        4
      ],
      "12": [
        4,
        4
      ],
      "13": [
        0,
        0
      ],
      "14": [
        0,
        416
      ],
      "15": [
        380,
        36
      ],
      "16": [
        4,
        376
      ],
      "17": [
        4,
        32
      ]
    },
    "_coverageSchema": "1a1c01bbd47fc00a2c39e90264f33305004495a9",
    "hash": "82bc8dd1de541fc7b2e77e2a3f201ace9a979656"
  },
  "D:\\PERSONAL\\Documents\\universidad\\sexto\\gestion de pruebas\\U-ride\\mobile\\src\\screens\\ForgotPasswordScreen.tsx": {
    "path": "D:\\PERSONAL\\Documents\\universidad\\sexto\\gestion de pruebas\\U-ride\\mobile\\src\\screens\\ForgotPasswordScreen.tsx",
    "statementMap": {
      "0": {
        "start": {
          "line": 7,
          "column": 14
        },
        "end": {
          "line": 32,
          "column": 1
        }
      },
      "1": {
        "start": {
          "line": 8,
          "column": 34
        },
        "end": {
          "line": 8,
          "column": 49
        }
      },
      "2": {
        "start": {
          "line": 10,
          "column": 2
        },
        "end": {
          "line": 31,
          "column": 4
        }
      },
      "3": {
        "start": {
          "line": 26,
          "column": 41
        },
        "end": {
          "line": 26,
          "column": 63
        }
      },
      "4": {
        "start": {
          "line": 35,
          "column": 26
        },
        "end": {
          "line": 35,
          "column": 37
        }
      },
      "5": {
        "start": {
          "line": 36,
          "column": 28
        },
        "end": {
          "line": 36,
          "column": 40
        }
      },
      "6": {
        "start": {
          "line": 37,
          "column": 26
        },
        "end": {
          "line": 37,
          "column": 38
        }
      },
      "7": {
        "start": {
          "line": 38,
          "column": 40
        },
        "end": {
          "line": 38,
          "column": 52
        }
      },
      "8": {
        "start": {
          "line": 39,
          "column": 48
        },
        "end": {
          "line": 39,
          "column": 60
        }
      },
      "9": {
        "start": {
          "line": 40,
          "column": 32
        },
        "end": {
          "line": 40,
          "column": 47
        }
      },
      "10": {
        "start": {
          "line": 42,
          "column": 28
        },
        "end": {
          "line": 57,
          "column": 3
        }
      },
      "11": {
        "start": {
          "line": 43,
          "column": 4
        },
        "end": {
          "line": 45,
          "column": 5
        }
      },
      "12": {
        "start": {
          "line": 44,
          "column": 6
        },
        "end": {
          "line": 44,
          "column": 111
        }
      },
      "13": {
        "start": {
          "line": 47,
          "column": 4
        },
        "end": {
          "line": 47,
          "column": 21
        }
      },
      "14": {
        "start": {
          "line": 48,
          "column": 4
        },
        "end": {
          "line": 56,
          "column": 5
        }
      },
      "15": {
        "start": {
          "line": 49,
          "column": 6
        },
        "end": {
          "line": 49,
          "column": 71
        }
      },
      "16": {
        "start": {
          "line": 50,
          "column": 6
        },
        "end": {
          "line": 50,
          "column": 17
        }
      },
      "17": {
        "start": {
          "line": 51,
          "column": 6
        },
        "end": {
          "line": 51,
          "column": 110
        }
      },
      "18": {
        "start": {
          "line": 53,
          "column": 6
        },
        "end": {
          "line": 53,
          "column": 88
        }
      },
      "19": {
        "start": {
          "line": 55,
          "column": 6
        },
        "end": {
          "line": 55,
          "column": 24
        }
      },
      "20": {
        "start": {
          "line": 59,
          "column": 30
        },
        "end": {
          "line": 80,
          "column": 3
        }
      },
      "21": {
        "start": {
          "line": 60,
          "column": 4
        },
        "end": {
          "line": 62,
          "column": 5
        }
      },
      "22": {
        "start": {
          "line": 61,
          "column": 6
        },
        "end": {
          "line": 61,
          "column": 79
        }
      },
      "23": {
        "start": {
          "line": 63,
          "column": 4
        },
        "end": {
          "line": 65,
          "column": 5
        }
      },
      "24": {
        "start": {
          "line": 64,
          "column": 6
        },
        "end": {
          "line": 64,
          "column": 67
        }
      },
      "25": {
        "start": {
          "line": 66,
          "column": 4
        },
        "end": {
          "line": 68,
          "column": 5
        }
      },
      "26": {
        "start": {
          "line": 67,
          "column": 6
        },
        "end": {
          "line": 67,
          "column": 69
        }
      },
      "27": {
        "start": {
          "line": 70,
          "column": 4
        },
        "end": {
          "line": 70,
          "column": 21
        }
      },
      "28": {
        "start": {
          "line": 71,
          "column": 4
        },
        "end": {
          "line": 79,
          "column": 5
        }
      },
      "29": {
        "start": {
          "line": 72,
          "column": 6
        },
        "end": {
          "line": 72,
          "column": 102
        }
      },
      "30": {
        "start": {
          "line": 73,
          "column": 6
        },
        "end": {
          "line": 74,
          "column": 80
        }
      },
      "31": {
        "start": {
          "line": 74,
          "column": 47
        },
        "end": {
          "line": 74,
          "column": 75
        }
      },
      "32": {
        "start": {
          "line": 76,
          "column": 6
        },
        "end": {
          "line": 76,
          "column": 97
        }
      },
      "33": {
        "start": {
          "line": 78,
          "column": 6
        },
        "end": {
          "line": 78,
          "column": 24
        }
      },
      "34": {
        "start": {
          "line": 82,
          "column": 2
        },
        "end": {
          "line": 164,
          "column": 4
        }
      },
      "35": {
        "start": {
          "line": 87,
          "column": 43
        },
        "end": {
          "line": 87,
          "column": 71
        }
      },
      "36": {
        "start": {
          "line": 156,
          "column": 122
        },
        "end": {
          "line": 156,
          "column": 132
        }
      },
      "37": {
        "start": {
          "line": 167,
          "column": 15
        },
        "end": {
          "line": 182,
          "column": 2
        }
      }
    },
    "fnMap": {
      "0": {
        "name": "(anonymous_0)",
        "decl": {
          "start": {
            "line": 7,
            "column": 14
          },
          "end": {
            "line": 7,
            "column": 15
          }
        },
        "loc": {
          "start": {
            "line": 7,
            "column": 89
          },
          "end": {
            "line": 32,
            "column": 1
          }
        },
        "line": 7
      },
      "1": {
        "name": "(anonymous_1)",
        "decl": {
          "start": {
            "line": 26,
            "column": 35
          },
          "end": {
            "line": 26,
            "column": 36
          }
        },
        "loc": {
          "start": {
            "line": 26,
            "column": 41
          },
          "end": {
            "line": 26,
            "column": 63
          }
        },
        "line": 26
      },
      "2": {
        "name": "ForgotPasswordScreen",
        "decl": {
          "start": {
            "line": 34,
            "column": 24
          },
          "end": {
            "line": 34,
            "column": 44
          }
        },
        "loc": {
          "start": {
            "line": 34,
            "column": 66
          },
          "end": {
            "line": 165,
            "column": 1
          }
        },
        "line": 34
      },
      "3": {
        "name": "(anonymous_3)",
        "decl": {
          "start": {
            "line": 42,
            "column": 28
          },
          "end": {
            "line": 42,
            "column": 29
          }
        },
        "loc": {
          "start": {
            "line": 42,
            "column": 40
          },
          "end": {
            "line": 57,
            "column": 3
          }
        },
        "line": 42
      },
      "4": {
        "name": "(anonymous_4)",
        "decl": {
          "start": {
            "line": 59,
            "column": 30
          },
          "end": {
            "line": 59,
            "column": 31
          }
        },
        "loc": {
          "start": {
            "line": 59,
            "column": 42
          },
          "end": {
            "line": 80,
            "column": 3
          }
        },
        "line": 59
      },
      "5": {
        "name": "(anonymous_5)",
        "decl": {
          "start": {
            "line": 74,
            "column": 41
          },
          "end": {
            "line": 74,
            "column": 42
          }
        },
        "loc": {
          "start": {
            "line": 74,
            "column": 47
          },
          "end": {
            "line": 74,
            "column": 75
          }
        },
        "line": 74
      },
      "6": {
        "name": "(anonymous_6)",
        "decl": {
          "start": {
            "line": 87,
            "column": 37
          },
          "end": {
            "line": 87,
            "column": 38
          }
        },
        "loc": {
          "start": {
            "line": 87,
            "column": 43
          },
          "end": {
            "line": 87,
            "column": 71
          }
        },
        "line": 87
      },
      "7": {
        "name": "(anonymous_7)",
        "decl": {
          "start": {
            "line": 156,
            "column": 116
          },
          "end": {
            "line": 156,
            "column": 117
          }
        },
        "loc": {
          "start": {
            "line": 156,
            "column": 122
          },
          "end": {
            "line": 156,
            "column": 132
          }
        },
        "line": 156
      }
    },
    "branchMap": {
      "0": {
        "loc": {
          "start": {
            "line": 20,
            "column": 25
          },
          "end": {
            "line": 20,
            "column": 44
          }
        },
        "type": "binary-expr",
        "locations": [
          {
            "start": {
              "line": 20,
              "column": 25
            },
            "end": {
              "line": 20,
              "column": 31
            }
          },
          {
            "start": {
              "line": 20,
              "column": 35
            },
            "end": {
              "line": 20,
              "column": 44
            }
          }
        ],
        "line": 20
      },
      "1": {
        "loc": {
          "start": {
            "line": 21,
            "column": 22
          },
          "end": {
            "line": 21,
            "column": 43
          }
        },
        "type": "binary-expr",
        "locations": [
          {
            "start": {
              "line": 21,
              "column": 22
            },
            "end": {
              "line": 21,
              "column": 30
            }
          },
          {
            "start": {
              "line": 21,
              "column": 34
            },
            "end": {
              "line": 21,
              "column": 43
            }
          }
        ],
        "line": 21
      },
      "2": {
        "loc": {
          "start": {
            "line": 25,
            "column": 7
          },
          "end": {
            "line": 29,
            "column": 7
          }
        },
        "type": "binary-expr",
        "locations": [
          {
            "start": {
              "line": 25,
              "column": 7
            },
            "end": {
              "line": 25,
              "column": 13
            }
          },
          {
            "start": {
              "line": 26,
              "column": 8
            },
            "end": {
              "line": 28,
              "column": 27
            }
          }
        ],
        "line": 25
      },
      "3": {
        "loc": {
          "start": {
            "line": 27,
            "column": 26
          },
          "end": {
            "line": 27,
            "column": 70
          }
        },
        "type": "cond-expr",
        "locations": [
          {
            "start": {
              "line": 27,
              "column": 37
            },
            "end": {
              "line": 27,
              "column": 54
            }
          },
          {
            "start": {
              "line": 27,
              "column": 57
            },
            "end": {
              "line": 27,
              "column": 70
            }
          }
        ],
        "line": 27
      },
      "4": {
        "loc": {
          "start": {
            "line": 43,
            "column": 4
          },
          "end": {
            "line": 45,
            "column": 5
          }
        },
        "type": "if",
        "locations": [
          {
            "start": {
              "line": 43,
              "column": 4
            },
            "end": {
              "line": 45,
              "column": 5
            }
          },
          {
            "start": {},
            "end": {}
          }
        ],
        "line": 43
      },
      "5": {
        "loc": {
          "start": {
            "line": 43,
            "column": 8
          },
          "end": {
            "line": 43,
            "column": 91
          }
        },
        "type": "binary-expr",
        "locations": [
          {
            "start": {
              "line": 43,
              "column": 8
            },
            "end": {
              "line": 43,
              "column": 45
            }
          },
          {
            "start": {
              "line": 43,
              "column": 49
            },
            "end": {
              "line": 43,
              "column": 91
            }
          }
        ],
        "line": 43
      },
      "6": {
        "loc": {
          "start": {
            "line": 53,
            "column": 27
          },
          "end": {
            "line": 53,
            "column": 86
          }
        },
        "type": "binary-expr",
        "locations": [
          {
            "start": {
              "line": 53,
              "column": 27
            },
            "end": {
              "line": 53,
              "column": 52
            }
          },
          {
            "start": {
              "line": 53,
              "column": 56
            },
            "end": {
              "line": 53,
              "column": 86
            }
          }
        ],
        "line": 53
      },
      "7": {
        "loc": {
          "start": {
            "line": 60,
            "column": 4
          },
          "end": {
            "line": 62,
            "column": 5
          }
        },
        "type": "if",
        "locations": [
          {
            "start": {
              "line": 60,
              "column": 4
            },
            "end": {
              "line": 62,
              "column": 5
            }
          },
          {
            "start": {},
            "end": {}
          }
        ],
        "line": 60
      },
      "8": {
        "loc": {
          "start": {
            "line": 60,
            "column": 8
          },
          "end": {
            "line": 60,
            "column": 41
          }
        },
        "type": "binary-expr",
        "locations": [
          {
            "start": {
              "line": 60,
              "column": 8
            },
            "end": {
              "line": 60,
              "column": 20
            }
          },
          {
            "start": {
              "line": 60,
              "column": 24
            },
            "end": {
              "line": 60,
              "column": 41
            }
          }
        ],
        "line": 60
      },
      "9": {
        "loc": {
          "start": {
            "line": 63,
            "column": 4
          },
          "end": {
            "line": 65,
            "column": 5
          }
        },
        "type": "if",
        "locations": [
          {
            "start": {
              "line": 63,
              "column": 4
            },
            "end": {
              "line": 65,
              "column": 5
            }
          },
          {
            "start": {},
            "end": {}
          }
        ],
        "line": 63
      },
      "10": {
        "loc": {
          "start": {
            "line": 63,
            "column": 8
          },
          "end": {
            "line": 63,
            "column": 55
          }
        },
        "type": "binary-expr",
        "locations": [
          {
            "start": {
              "line": 63,
              "column": 8
            },
            "end": {
              "line": 63,
              "column": 20
            }
          },
          {
            "start": {
              "line": 63,
              "column": 24
            },
            "end": {
              "line": 63,
              "column": 55
            }
          }
        ],
        "line": 63
      },
      "11": {
        "loc": {
          "start": {
            "line": 66,
            "column": 4
          },
          "end": {
            "line": 68,
            "column": 5
          }
        },
        "type": "if",
        "locations": [
          {
            "start": {
              "line": 66,
              "column": 4
            },
            "end": {
              "line": 68,
              "column": 5
            }
          },
          {
            "start": {},
            "end": {}
          }
        ],
        "line": 66
      },
      "12": {
        "loc": {
          "start": {
            "line": 76,
            "column": 27
          },
          "end": {
            "line": 76,
            "column": 95
          }
        },
        "type": "binary-expr",
        "locations": [
          {
            "start": {
              "line": 76,
              "column": 27
            },
            "end": {
              "line": 76,
              "column": 52
            }
          },
          {
            "start": {
              "line": 76,
              "column": 56
            },
            "end": {
              "line": 76,
              "column": 95
            }
          }
        ],
        "line": 76
      },
      "13": {
        "loc": {
          "start": {
            "line": 83,
            "column": 36
          },
          "end": {
            "line": 83,
            "column": 80
          }
        },
        "type": "cond-expr",
        "locations": [
          {
            "start": {
              "line": 83,
              "column": 60
            },
            "end": {
              "line": 83,
              "column": 69
            }
          },
          {
            "start": {
              "line": 83,
              "column": 72
            },
            "end": {
              "line": 83,
              "column": 80
            }
          }
        ],
        "line": 83
      },
      "14": {
        "loc": {
          "start": {
            "line": 94,
            "column": 11
          },
          "end": {
            "line": 160,
            "column": 11
          }
        },
        "type": "cond-expr",
        "locations": [
          {
            "start": {
              "line": 95,
              "column": 12
            },
            "end": {
              "line": 116,
              "column": 15
            }
          },
          {
            "start": {
              "line": 118,
              "column": 12
            },
            "end": {
              "line": 159,
              "column": 15
            }
          }
        ],
        "line": 94
      },
      "15": {
        "loc": {
          "start": {
            "line": 109,
            "column": 17
          },
          "end": {
            "line": 114,
            "column": 17
          }
        },
        "type": "cond-expr",
        "locations": [
          {
            "start": {
              "line": 109,
              "column": 27
            },
            "end": {
              "line": 109,
              "column": 61
            }
          },
          {
            "start": {
              "line": 110,
              "column": 18
            },
            "end": {
              "line": 113,
              "column": 25
            }
          }
        ],
        "line": 109
      },
      "16": {
        "loc": {
          "start": {
            "line": 148,
            "column": 17
          },
          "end": {
            "line": 153,
            "column": 17
          }
        },
        "type": "cond-expr",
        "locations": [
          {
            "start": {
              "line": 148,
              "column": 27
            },
            "end": {
              "line": 148,
              "column": 61
            }
          },
          {
            "start": {
              "line": 149,
              "column": 18
            },
            "end": {
              "line": 152,
              "column": 25
            }
          }
        ],
        "line": 148
      }
    },
    "s": {
      "0": 32,
      "1": 393,
      "2": 393,
      "3": 0,
      "4": 183,
      "5": 183,
      "6": 183,
      "7": 183,
      "8": 183,
      "9": 183,
      "10": 183,
      "11": 3,
      "12": 0,
      "13": 3,
      "14": 3,
      "15": 3,
      "16": 3,
      "17": 3,
      "18": 0,
      "19": 3,
      "20": 183,
      "21": 3,
      "22": 0,
      "23": 3,
      "24": 0,
      "25": 3,
      "26": 0,
      "27": 3,
      "28": 3,
      "29": 3,
      "30": 3,
      "31": 0,
      "32": 0,
      "33": 3,
      "34": 183,
      "35": 0,
      "36": 0,
      "37": 32
    },
    "f": {
      "0": 393,
      "1": 0,
      "2": 183,
      "3": 3,
      "4": 3,
      "5": 0,
      "6": 0,
      "7": 0
    },
    "b": {
      "0": [
        393,
        210
      ],
      "1": [
        393,
        210
      ],
      "2": [
        393,
        210
      ],
      "3": [
        0,
        210
      ],
      "4": [
        0,
        3
      ],
      "5": [
        3,
        3
      ],
      "6": [
        0,
        0
      ],
      "7": [
        0,
        3
      ],
      "8": [
        3,
        3
      ],
      "9": [
        0,
        3
      ],
      "10": [
        3,
        3
      ],
      "11": [
        0,
        3
      ],
      "12": [
        0,
        0
      ],
      "13": [
        0,
        183
      ],
      "14": [
        78,
        105
      ],
      "15": [
        3,
        75
      ],
      "16": [
        3,
        102
      ]
    },
    "_coverageSchema": "1a1c01bbd47fc00a2c39e90264f33305004495a9",
    "hash": "b57f11c5e2720173487cf12c9904500a15b82fe2"
  },
  "D:\\PERSONAL\\Documents\\universidad\\sexto\\gestion de pruebas\\U-ride\\mobile\\src\\components\\DateTimePickerCustom.tsx": {
    "path": "D:\\PERSONAL\\Documents\\universidad\\sexto\\gestion de pruebas\\U-ride\\mobile\\src\\components\\DateTimePickerCustom.tsx",
    "statementMap": {
      "0": {
        "start": {
          "line": 8,
          "column": 14
        },
        "end": {
          "line": 8,
          "column": 128
        }
      },
      "1": {
        "start": {
          "line": 9,
          "column": 14
        },
        "end": {
          "line": 9,
          "column": 101
        }
      },
      "2": {
        "start": {
          "line": 9,
          "column": 44
        },
        "end": {
          "line": 9,
          "column": 101
        }
      },
      "3": {
        "start": {
          "line": 9,
          "column": 92
        },
        "end": {
          "line": 9,
          "column": 100
        }
      },
      "4": {
        "start": {
          "line": 12,
          "column": 32
        },
        "end": {
          "line": 12,
          "column": 47
        }
      },
      "5": {
        "start": {
          "line": 13,
          "column": 26
        },
        "end": {
          "line": 13,
          "column": 59
        }
      },
      "6": {
        "start": {
          "line": 14,
          "column": 30
        },
        "end": {
          "line": 14,
          "column": 59
        }
      },
      "7": {
        "start": {
          "line": 15,
          "column": 30
        },
        "end": {
          "line": 15,
          "column": 56
        }
      },
      "8": {
        "start": {
          "line": 16,
          "column": 30
        },
        "end": {
          "line": 16,
          "column": 55
        }
      },
      "9": {
        "start": {
          "line": 17,
          "column": 30
        },
        "end": {
          "line": 17,
          "column": 56
        }
      },
      "10": {
        "start": {
          "line": 18,
          "column": 30
        },
        "end": {
          "line": 18,
          "column": 58
        }
      },
      "11": {
        "start": {
          "line": 20,
          "column": 14
        },
        "end": {
          "line": 20,
          "column": 24
        }
      },
      "12": {
        "start": {
          "line": 21,
          "column": 18
        },
        "end": {
          "line": 21,
          "column": 65
        }
      },
      "13": {
        "start": {
          "line": 22,
          "column": 18
        },
        "end": {
          "line": 22,
          "column": 66
        }
      },
      "14": {
        "start": {
          "line": 23,
          "column": 18
        },
        "end": {
          "line": 23,
          "column": 30
        }
      },
      "15": {
        "start": {
          "line": 24,
          "column": 18
        },
        "end": {
          "line": 24,
          "column": 64
        }
      },
      "16": {
        "start": {
          "line": 26,
          "column": 22
        },
        "end": {
          "line": 26,
          "column": 43
        }
      },
      "17": {
        "start": {
          "line": 26,
          "column": 28
        },
        "end": {
          "line": 26,
          "column": 43
        }
      },
      "18": {
        "start": {
          "line": 27,
          "column": 22
        },
        "end": {
          "line": 32,
          "column": 3
        }
      },
      "19": {
        "start": {
          "line": 28,
          "column": 14
        },
        "end": {
          "line": 28,
          "column": 54
        }
      },
      "20": {
        "start": {
          "line": 29,
          "column": 4
        },
        "end": {
          "line": 29,
          "column": 16
        }
      },
      "21": {
        "start": {
          "line": 30,
          "column": 4
        },
        "end": {
          "line": 30,
          "column": 22
        }
      },
      "22": {
        "start": {
[...]
          "line": 97,
          "column": 59
        }
      },
      "26": {
        "start": {
          "line": 97,
          "column": 43
        },
        "end": {
          "line": 97,
          "column": 58
        }
      },
      "27": {
        "start": {
          "line": 99,
          "column": 24
        },
        "end": {
          "line": 102,
          "column": 4
        }
      },
      "28": {
        "start": {
          "line": 104,
          "column": 2
        },
        "end": {
          "line": 104,
          "column": 40
        }
      },
      "29": {
        "start": {
          "line": 104,
          "column": 20
        },
        "end": {
          "line": 104,
          "column": 32
        }
      },
      "30": {
        "start": {
          "line": 106,
          "column": 2
        },
        "end": {
          "line": 112,
          "column": 3
        }
      },
      "31": {
        "start": {
          "line": 107,
          "column": 4
        },
        "end": {
          "line": 111,
          "column": 6
        }
      },
      "32": {
        "start": {
          "line": 114,
          "column": 2
        },
        "end": {
          "line": 137,
          "column": 4
        }
      },
      "33": {
        "start": {
          "line": 128,
          "column": 23
        },
        "end": {
          "line": 128,
          "column": 70
        }
      }
    },
    "fnMap": {
      "0": {
        "name": "PasajeroTabs",
        "decl": {
          "start": {
            "line": 42,
            "column": 9
          },
          "end": {
            "line": 42,
            "column": 21
          }
        },
        "loc": {
          "start": {
            "line": 42,
            "column": 24
          },
          "end": {
            "line": 60,
            "column": 1
          }
        },
        "line": 42
      },
      "1": {
        "name": "(anonymous_1)",
        "decl": {
          "start": {
            "line": 49,
            "column": 48
          },
          "end": {
            "line": 49,
            "column": 49
          }
        },
        "loc": {
          "start": {
            "line": 49,
            "column": 69
          },
          "end": {
            "line": 49,
            "column": 132
          }
        },
        "line": 49
      },
      "2": {
        "name": "(anonymous_2)",
        "decl": {
          "start": {
            "line": 51,
            "column": 53
          },
          "end": {
            "line": 51,
            "column": 54
          }
        },
        "loc": {
          "start": {
            "line": 51,
            "column": 74
          },
          "end": {
            "line": 51,
            "column": 139
          }
        },
        "line": 51
      },
      "3": {
        "name": "(anonymous_3)",
        "decl": {
          "start": {
            "line": 53,
            "column": 47
          },
          "end": {
            "line": 53,
            "column": 48
          }
        },
        "loc": {
          "start": {
            "line": 53,
            "column": 68
          },
          "end": {
            "line": 53,
            "column": 126
          }
        },
        "line": 53
      },
      "4": {
        "name": "(anonymous_4)",
        "decl": {
          "start": {
            "line": 55,
            "column": 50
          },
          "end": {
            "line": 55,
            "column": 51
          }
        },
        "loc": {
          "start": {
            "line": 55,
            "column": 71
          },
          "end": {
            "line": 55,
            "column": 129
          }
        },
        "line": 55
      },
      "5": {
        "name": "(anonymous_5)",
        "decl": {
          "start": {
            "line": 57,
            "column": 48
          },
          "end": {
            "line": 57,
            "column": 49
          }
        },
        "loc": {
          "start": {
            "line": 57,
            "column": 69
          },
          "end": {
            "line": 57,
            "column": 136
          }
        },
        "line": 57
      },
      "6": {
        "name": "ConductorTabs",
        "decl": {
          "start": {
            "line": 62,
            "column": 9
          },
          "end": {
            "line": 62,
            "column": 22
          }
        },
        "loc": {
          "start": {
            "line": 62,
            "column": 25
          },
          "end": {
            "line": 86,
            "column": 1
          }
        },
        "line": 62
      },
      "7": {
        "name": "(anonymous_7)",
        "decl": {
          "start": {
            "line": 69,
            "column": 48
          },
          "end": {
            "line": 69,
            "column": 49
          }
        },
        "loc": {
          "start": {
            "line": 69,
            "column": 69
          },
          "end": {
            "line": 69,
            "column": 132
          }
        },
        "line": 69
      },
      "8": {
        "name": "(anonymous_8)",
        "decl": {
          "start": {
            "line": 71,
            "column": 50
          },
          "end": {
            "line": 71,
            "column": 51
          }
        },
        "loc": {
          "start": {
            "line": 72,
            "column": 10
          },
          "end": {
            "line": 72,
            "column": 145
          }
        },
        "line": 72
      },
      "9": {
        "name": "(anonymous_9)",
        "decl": {
          "start": {
            "line": 77,
            "column": 53
          },
          "end": {
            "line": 77,
            "column": 54
          }
        },
        "loc": {
          "start": {
            "line": 77,
            "column": 74
          },
          "end": {
            "line": 77,
            "column": 139
          }
        },
        "line": 77
      },
      "10": {
        "name": "(anonymous_10)",
        "decl": {
          "start": {
            "line": 79,
            "column": 47
          },
          "end": {
            "line": 79,
            "column": 48
          }
        },
        "loc": {
          "start": {
            "line": 79,
            "column": 68
          },
          "end": {
            "line": 79,
            "column": 126
          }
        },
        "line": 79
      },
      "11": {
        "name": "(anonymous_11)",
        "decl": {
          "start": {
            "line": 81,
            "column": 50
          },
          "end": {
            "line": 81,
            "column": 51
          }
        },
        "loc": {
          "start": {
            "line": 81,
            "column": 71
          },
          "end": {
            "line": 81,
            "column": 129
          }
        },
        "line": 81
      },
      "12": {
        "name": "(anonymous_12)",
        "decl": {
          "start": {
            "line": 83,
            "column": 48
          },
          "end": {
            "line": 83,
            "column": 49
          }
        },
        "loc": {
          "start": {
            "line": 83,
            "column": 69
          },
          "end": {
            "line": 83,
            "column": 136
          }
        },
        "line": 83
      },
      "13": {
        "name": "RoleBasedTabs",
        "decl": {
          "start": {
            "line": 88,
            "column": 9
          },
          "end": {
            "line": 88,
            "column": 22
          }
        },
        "loc": {
          "start": {
            "line": 88,
            "column": 49
          },
          "end": {
            "line": 91,
            "column": 1
          }
        },
        "line": 88
      },
      "14": {
        "name": "App",
        "decl": {
          "start": {
            "line": 93,
            "column": 24
          },
          "end": {
            "line": 93,
            "column": 27
          }
        },
        "loc": {
          "start": {
            "line": 93,
            "column": 30
          },
          "end": {
            "line": 138,
            "column": 1
          }
        },
        "line": 93
      },
      "15": {
        "name": "(anonymous_15)",
        "decl": {
          "start": {
            "line": 94,
            "column": 34
          },
          "end": {
            "line": 94,
            "column": 35
          }
        },
        "loc": {
          "start": {
            "line": 94,
            "column": 43
          },
          "end": {
            "line": 94,
            "column": 58
          }
        },
        "line": 94
      },
      "16": {
        "name": "(anonymous_16)",
        "decl": {
          "start": {
            "line": 95,
            "column": 34
          },
          "end": {
            "line": 95,
            "column": 35
          }
        },
        "loc": {
          "start": {
            "line": 95,
            "column": 43
          },
          "end": {
            "line": 95,
            "column": 54
          }
        },
        "line": 95
      },
      "17": {
        "name": "(anonymous_17)",
        "decl": {
          "start": {
            "line": 96,
            "column": 34
          },
          "end": {
            "line": 96,
            "column": 35
          }
        },
        "loc": {
          "start": {
            "line": 96,
            "column": 43
          },
          "end": {
            "line": 96,
            "column": 53
          }
        },
        "line": 96
      },
      "18": {
        "name": "(anonymous_18)",
        "decl": {
          "start": {
            "line": 97,
            "column": 34
          },
          "end": {
            "line": 97,
            "column": 35
          }
        },
        "loc": {
          "start": {
            "line": 97,
            "column": 43
          },
          "end": {
            "line": 97,
            "column": 58
          }
        },
        "line": 97
      },
      "19": {
        "name": "(anonymous_19)",
        "decl": {
          "start": {
            "line": 104,
            "column": 12
          },
          "end": {
            "line": 104,
            "column": 13
          }
        },
        "loc": {
          "start": {
            "line": 104,
            "column": 18
          },
          "end": {
            "line": 104,
            "column": 34
          }
        },
        "line": 104
      },
      "20": {
        "name": "(anonymous_20)",
        "decl": {
          "start": {
            "line": 128,
            "column": 17
          },
          "end": {
            "line": 128,
            "column": 18
          }
        },
        "loc": {
          "start": {
            "line": 128,
            "column": 23
          },
          "end": {
            "line": 128,
            "column": 70
          }
        },
        "line": 128
      }
    },
    "branchMap": {
      "0": {
        "loc": {
          "start": {
            "line": 33,
            "column": 10
          },
          "end": {
            "line": 33,
            "column": 41
          }
        },
        "type": "cond-expr",
        "locations": [
          {
            "start": {
              "line": 33,
              "column": 34
            },
            "end": {
              "line": 33,
              "column": 36
            }
          },
          {
            "start": {
              "line": 33,
              "column": 39
            },
            "end": {
              "line": 33,
              "column": 41
            }
          }
        ],
        "line": 33
      },
      "1": {
        "loc": {
          "start": {
            "line": 34,
            "column": 17
          },
          "end": {
            "line": 34,
            "column": 48
          }
        },
        "type": "cond-expr",
        "locations": [
          {
            "start": {
              "line": 34,
              "column": 41
            },
            "end": {
              "line": 34,
              "column": 43
            }
          },
          {
            "start": {
              "line": 34,
              "column": 46
            },
            "end": {
              "line": 34,
              "column": 48
            }
          }
        ],
        "line": 34
      },
      "2": {
        "loc": {
          "start": {
            "line": 72,
            "column": 26
          },
          "end": {
            "line": 72,
            "column": 71
          }
        },
        "type": "cond-expr",
        "locations": [
          {
            "start": {
              "line": 72,
              "column": 36
            },
            "end": {
              "line": 72,
              "column": 48
            }
          },
          {
            "start": {
              "line": 72,
              "column": 51
            },
            "end": {
              "line": 72,
              "column": 71
            }
          }
        ],
        "line": 72
      },
      "3": {
        "loc": {
          "start": {
            "line": 72,
            "column": 79
          },
          "end": {
            "line": 72,
            "column": 98
          }
        },
        "type": "cond-expr",
        "locations": [
          {
            "start": {
              "line": 72,
              "column": 89
            },
            "end": {
              "line": 72,
              "column": 91
            }
          },
          {
            "start": {
              "line": 72,
              "column": 94
            },
            "end": {
              "line": 72,
              "column": 98
            }
          }
        ],
        "line": 72
      },
      "4": {
        "loc": {
          "start": {
            "line": 72,
            "column": 107
          },
          "end": {
            "line": 72,
            "column": 141
          }
        },
        "type": "cond-expr",
        "locations": [
          {
            "start": {
              "line": 72,
              "column": 117
            },
            "end": {
              "line": 72,
              "column": 133
            }
          },
          {
            "start": {
              "line": 72,
              "column": 136
            },
            "end": {
              "line": 72,
              "column": 141
            }
          }
        ],
        "line": 72
      },
      "5": {
        "loc": {
          "start": {
            "line": 89,
            "column": 2
          },
          "end": {
            "line": 89,
            "column": 52
          }
        },
        "type": "if",
        "locations": [
          {
            "start": {
              "line": 89,
              "column": 2
            },
            "end": {
              "line": 89,
              "column": 52
            }
          },
          {
            "start": {},
            "end": {}
          }
        ],
        "line": 89
      },
      "6": {
        "loc": {
          "start": {
            "line": 106,
            "column": 2
          },
          "end": {
            "line": 112,
            "column": 3
          }
        },
        "type": "if",
        "locations": [
          {
            "start": {
              "line": 106,
              "column": 2
            },
            "end": {
              "line": 112,
              "column": 3
            }
          },
          {
            "start": {},
            "end": {}
          }
        ],
        "line": 106
      },
      "7": {
        "loc": {
          "start": {
            "line": 106,
            "column": 6
          },
          "end": {
            "line": 106,
            "column": 31
          }
        },
        "type": "binary-expr",
        "locations": [
          {
            "start": {
              "line": 106,
              "column": 6
            },
            "end": {
              "line": 106,
              "column": 15
            }
          },
          {
            "start": {
              "line": 106,
              "column": 19
            },
            "end": {
              "line": 106,
              "column": 31
            }
          }
        ],
        "line": 106
      },
      "8": {
        "loc": {
          "start": {
            "line": 119,
            "column": 11
          },
          "end": {
            "line": 133,
            "column": 11
          }
        },
        "type": "cond-expr",
        "locations": [
          {
            "start": {
              "line": 120,
              "column": 12
            },
            "end": {
              "line": 124,
              "column": 26
            }
          },
          {
            "start": {
              "line": 126,
              "column": 12
            },
            "end": {
              "line": 132,
              "column": 26
            }
          }
        ],
        "line": 119
      },
      "9": {
        "loc": {
          "start": {
            "line": 128,
            "column": 43
          },
          "end": {
            "line": 128,
            "column": 66
          }
        },
        "type": "binary-expr",
        "locations": [
          {
            "start": {
              "line": 128,
              "column": 43
            },
            "end": {
              "line": 128,
              "column": 52
            }
          },
          {
            "start": {
              "line": 128,
              "column": 56
            },
            "end": {
              "line": 128,
              "column": 66
            }
          }
        ],
        "line": 128
      }
    },
    "s": {
      "0": 32,
      "1": 32,
      "2": 32,
      "3": 10,
      "4": 48,
      "5": 48,
      "6": 48,
      "7": 48,
      "8": 48,
      "9": 8,
      "10": 44,
      "11": 44,
      "12": 44,
      "13": 44,
      "14": 44,
      "15": 44,
      "16": 18,
      "17": 8,
      "18": 10,
      "19": 114,
      "20": 392,
      "21": 114,
      "22": 392,
      "23": 114,
      "24": 392,
      "25": 114,
      "26": 392,
      "27": 114,
      "28": 114,
      "29": 32,
      "30": 114,
      "31": 64,
      "32": 50,
      "33": 46
    },
    "f": {
      "0": 10,
      "1": 48,
      "2": 48,
      "3": 48,
      "4": 48,
      "5": 48,
      "6": 8,
      "7": 44,
      "8": 44,
      "9": 44,
      "10": 44,
      "11": 44,
      "12": 44,
      "13": 18,
      "14": 114,
      "15": 392,
      "16": 392,
      "17": 392,
      "18": 392,
      "19": 32,
      "20": 46
    },
    "b": {
      "0": [
        0,
        32
      ],
      "1": [
        0,
        32
      ],
      "2": [
        22,
        22
      ],
      "3": [
        22,
        22
      ],
      "4": [
        22,
        22
      ],
      "5": [
        8,
        10
      ],
      "6": [
        64,
        50
      ],
      "7": [
        114,
        82
      ],
      "8": [
        32,
        18
      ],
      "9": [
        46,
        0
      ]
    },
    "_coverageSchema": "1a1c01bbd47fc00a2c39e90264f33305004495a9",
    "hash": "6be830fdcecbe17c9edbb73fec663ce6014131fc"
  },
  "D:\\PERSONAL\\Documents\\universidad\\sexto\\gestion de pruebas\\U-ride\\mobile\\index.ts": {
    "path": "D:\\PERSONAL\\Documents\\universidad\\sexto\\gestion de pruebas\\U-ride\\mobile\\index.ts",
    "statementMap": {
      "0": {
        "start": {
          "line": 8,
          "column": 0
        },
        "end": {
          "line": 8,
          "column": 27
        }
      }
    },
    "fnMap": {},
    "branchMap": {},
    "s": {
      "0": 32
    },
    "f": {},
    "b": {},
    "_coverageSchema": "1a1c01bbd47fc00a2c39e90264f33305004495a9",
    "hash": "76b8b371c66b7affaea3f099d5af09538bdb33c3"
  }
}